C:\USERS\JOHN\DOCUMENTS\VISUAL STUDIO 2012\PROJECTS\PHYSICSSIMULATOR1\PHYSICSSIMULATOR1\DEBUG\DOUBLEPENDULUMSYSTEM.OBJ
C:\USERS\JOHN\DOCUMENTS\VISUAL STUDIO 2012\PROJECTS\PHYSICSSIMULATOR1\PHYSICSSIMULATOR1\DEBUG\DPPLOTSETTINGS.OBJ
C:\USERS\JOHN\DOCUMENTS\VISUAL STUDIO 2012\PROJECTS\PHYSICSSIMULATOR1\PHYSICSSIMULATOR1\DEBUG\PENDULUM.OBJ
C:\USERS\JOHN\DOCUMENTS\VISUAL STUDIO 2012\PROJECTS\PHYSICSSIMULATOR1\PHYSICSSIMULATOR1\DEBUG\PLOTSETTINGS.OBJ
C:\USERS\JOHN\DOCUMENTS\VISUAL STUDIO 2012\PROJECTS\PHYSICSSIMULATOR1\PHYSICSSIMULATOR1\DEBUG\SIMDOUBLEPENDULUM.OBJ
C:\USERS\JOHN\DOCUMENTS\VISUAL STUDIO 2012\PROJECTS\PHYSICSSIMULATOR1\PHYSICSSIMULATOR1\DEBUG\UIDPDIALOG.OBJ
C:\USERS\JOHN\DOCUMENTS\VISUAL STUDIO 2012\PROJECTS\PHYSICSSIMULATOR1\PHYSICSSIMULATOR1\DEBUG\UIMAINMENU.OBJ
C:\USERS\JOHN\DOCUMENTS\VISUAL STUDIO 2012\PROJECTS\PHYSICSSIMULATOR1\PHYSICSSIMULATOR1\DEBUG\UIDOUBLEPENDULUM.OBJ
C:\USERS\JOHN\DOCUMENTS\VISUAL STUDIO 2012\PROJECTS\PHYSICSSIMULATOR1\PHYSICSSIMULATOR1\DEBUG\VC110.PDB
C:\USERS\JOHN\DOCUMENTS\VISUAL STUDIO 2012\PROJECTS\PHYSICSSIMULATOR1\PHYSICSSIMULATOR1\DEBUG\WINMAIN.OBJ
C:\USERS\JOHN\DOCUMENTS\VISUAL STUDIO 2012\PROJECTS\PHYSICSSIMULATOR1\DEBUG\PHYSICSSIMULATOR.ILK
C:\USERS\JOHN\DOCUMENTS\VISUAL STUDIO 2012\PROJECTS\PHYSICSSIMULATOR1\DEBUG\PHYSICSSIMULATOR.EXE
C:\USERS\JOHN\DOCUMENTS\VISUAL STUDIO 2012\PROJECTS\PHYSICSSIMULATOR1\DEBUG\PHYSICSSIMULATOR.PDB
C:\USERS\JOHN\DOCUMENTS\VISUAL STUDIO 2012\PROJECTS\PHYSICSSIMULATOR1\PHYSICSSIMULATOR1\DEBUG\RESOURCE.RES
C:\Users\John\Documents\Visual Studio 2012\Projects\PhysicsSimulator1\PhysicsSimulator1\Debug\DoublePendulumSystem.obj
C:\Users\John\Documents\Visual Studio 2012\Projects\PhysicsSimulator1\PhysicsSimulator1\Debug\DPPlotSettings.obj
C:\Users\John\Documents\Visual Studio 2012\Projects\PhysicsSimulator1\PhysicsSimulator1\Debug\Pendulum.obj
C:\Users\John\Documents\Visual Studio 2012\Projects\PhysicsSimulator1\PhysicsSimulator1\Debug\PlotSettings.obj
C:\Users\John\Documents\Visual Studio 2012\Projects\PhysicsSimulator1\PhysicsSimulator1\Debug\SIMDoublePendulum.obj
C:\Users\John\Documents\Visual Studio 2012\Projects\PhysicsSimulator1\PhysicsSimulator1\Debug\UIDoublePendulum.obj
C:\Users\John\Documents\Visual Studio 2012\Projects\PhysicsSimulator1\PhysicsSimulator1\Debug\UIDPDialog.obj
C:\Users\John\Documents\Visual Studio 2012\Projects\PhysicsSimulator1\PhysicsSimulator1\Debug\UIMainMenu.obj
C:\Users\John\Documents\Visual Studio 2012\Projects\PhysicsSimulator1\PhysicsSimulator1\Debug\WinMain.obj
C:\Users\John\Documents\Visual Studio 2012\Projects\PhysicsSimulator1\PhysicsSimulator1\Debug\cl.command.1.tlog
C:\Users\John\Documents\Visual Studio 2012\Projects\PhysicsSimulator1\PhysicsSimulator1\Debug\CL.read.1.tlog
C:\Users\John\Documents\Visual Studio 2012\Projects\PhysicsSimulator1\PhysicsSimulator1\Debug\CL.write.1.tlog
C:\Users\John\Documents\Visual Studio 2012\Projects\PhysicsSimulator1\PhysicsSimulator1\Debug\link-cvtres.read.1.tlog
C:\Users\John\Documents\Visual Studio 2012\Projects\PhysicsSimulator1\PhysicsSimulator1\Debug\link-cvtres.write.1.tlog
C:\Users\John\Documents\Visual Studio 2012\Projects\PhysicsSimulator1\PhysicsSimulator1\Debug\link-rc.read.1.tlog
C:\Users\John\Documents\Visual Studio 2012\Projects\PhysicsSimulator1\PhysicsSimulator1\Debug\link-rc.write.1.tlog
C:\Users\John\Documents\Visual Studio 2012\Projects\PhysicsSimulator1\PhysicsSimulator1\Debug\link.4228-cvtres.read.1.tlog
C:\Users\John\Documents\Visual Studio 2012\Projects\PhysicsSimulator1\PhysicsSimulator1\Debug\link.4228-cvtres.write.1.tlog
C:\Users\John\Documents\Visual Studio 2012\Projects\PhysicsSimulator1\PhysicsSimulator1\Debug\link.4228-rc.read.1.tlog
C:\Users\John\Documents\Visual Studio 2012\Projects\PhysicsSimulator1\PhysicsSimulator1\Debug\link.4228-rc.write.1.tlog
C:\Users\John\Documents\Visual Studio 2012\Projects\PhysicsSimulator1\PhysicsSimulator1\Debug\link.4228.read.1.tlog
C:\Users\John\Documents\Visual Studio 2012\Projects\PhysicsSimulator1\PhysicsSimulator1\Debug\link.4228.write.1.tlog
C:\Users\John\Documents\Visual Studio 2012\Projects\PhysicsSimulator1\PhysicsSimulator1\Debug\link.9444-cvtres.read.1.tlog
C:\Users\John\Documents\Visual Studio 2012\Projects\PhysicsSimulator1\PhysicsSimulator1\Debug\link.9444-cvtres.write.1.tlog
C:\Users\John\Documents\Visual Studio 2012\Projects\PhysicsSimulator1\PhysicsSimulator1\Debug\link.9444-rc.read.1.tlog
C:\Users\John\Documents\Visual Studio 2012\Projects\PhysicsSimulator1\PhysicsSimulator1\Debug\link.9444-rc.write.1.tlog
C:\Users\John\Documents\Visual Studio 2012\Projects\PhysicsSimulator1\PhysicsSimulator1\Debug\link.9444.read.1.tlog
C:\Users\John\Documents\Visual Studio 2012\Projects\PhysicsSimulator1\PhysicsSimulator1\Debug\link.9444.write.1.tlog
C:\Users\John\Documents\Visual Studio 2012\Projects\PhysicsSimulator1\PhysicsSimulator1\Debug\link.9676-cvtres.read.1.tlog
C:\Users\John\Documents\Visual Studio 2012\Projects\PhysicsSimulator1\PhysicsSimulator1\Debug\link.9676-cvtres.write.1.tlog
C:\Users\John\Documents\Visual Studio 2012\Projects\PhysicsSimulator1\PhysicsSimulator1\Debug\link.9676-rc.read.1.tlog
C:\Users\John\Documents\Visual Studio 2012\Projects\PhysicsSimulator1\PhysicsSimulator1\Debug\link.9676-rc.write.1.tlog
C:\Users\John\Documents\Visual Studio 2012\Projects\PhysicsSimulator1\PhysicsSimulator1\Debug\link.9676.read.1.tlog
C:\Users\John\Documents\Visual Studio 2012\Projects\PhysicsSimulator1\PhysicsSimulator1\Debug\link.9676.write.1.tlog
C:\Users\John\Documents\Visual Studio 2012\Projects\PhysicsSimulator1\PhysicsSimulator1\Debug\link.command.1.tlog
C:\Users\John\Documents\Visual Studio 2012\Projects\PhysicsSimulator1\PhysicsSimulator1\Debug\link.read.1.tlog
C:\Users\John\Documents\Visual Studio 2012\Projects\PhysicsSimulator1\PhysicsSimulator1\Debug\link.write.1.tlog
C:\Users\John\Documents\Visual Studio 2012\Projects\PhysicsSimulator1\PhysicsSimulator1\Debug\rc.command.1.tlog
C:\Users\John\Documents\Visual Studio 2012\Projects\PhysicsSimulator1\PhysicsSimulator1\Debug\rc.read.1.tlog
C:\Users\John\Documents\Visual Studio 2012\Projects\PhysicsSimulator1\PhysicsSimulator1\Debug\rc.write.1.tlog
C:\Users\John\Documents\Visual Studio 2012\Projects\PhysicsSimulator1\PhysicsSimulator1\Debug\Resource.res
C:\Users\John\Documents\Visual Studio 2012\Projects\PhysicsSimulator1\PhysicsSimulator1\Debug\vc110.idb
C:\Users\John\Documents\Visual Studio 2012\Projects\PhysicsSimulator1\PhysicsSimulator1\Debug\vc110.pdb
C:\Users\John\Documents\Visual Studio 2012\Projects\PhysicsSimulator1\Debug\PhysicsSimulator.pdb
C:\Users\John\Documents\Visual Studio 2012\Projects\PhysicsSimulator1\Debug\PhysicsSimulator.exe
C:\Users\John\Documents\Visual Studio 2012\Projects\PhysicsSimulator1\Debug\PhysicsSimulator.ilk
