Build started 5/16/2014 4:11:54 PM.
     1>Project "C:\Users\John\Documents\Visual Studio 2012\Projects\PhysicsSimulator1\PhysicsSimulator1\PhysicsSimulator1.vcxproj" on node 2 (Build target(s)).
     1>ClCompile:
         C:\Program Files (x86)\Microsoft Visual Studio 11.0\VC\bin\CL.exe /c /ZI /nologo /W3 /WX- /Od /Oy- /D WIN32 /D _DEBUG /D _WINDOWS /D _UNICODE /D UNICODE /Gm /EHsc /RTC1 /MDd /GS /fp:precise /Zc:wchar_t /Zc:forScope /Fo"Debug\\" /Fd"Debug\vc110.pdb" /Gd /TP /analyze- /errorReport:prompt DPAnglePlot.cpp
         DPAnglePlot.cpp
     1>c:\users\john\documents\visual studio 2012\projects\physicssimulator1\physicssimulator1\dpangleplot.cpp(18): warning C4244: 'argument' : conversion from 'double' to 'int', possible loss of data
     1>c:\users\john\documents\visual studio 2012\projects\physicssimulator1\physicssimulator1\dpangleplot.cpp(63): warning C4018: '<' : signed/unsigned mismatch
     1>c:\users\john\documents\visual studio 2012\projects\physicssimulator1\physicssimulator1\dpangleplot.cpp(72): warning C4018: '<' : signed/unsigned mismatch
     1>c:\users\john\documents\visual studio 2012\projects\physicssimulator1\physicssimulator1\dpangleplot.cpp(117): warning C4996: 'swprintf': swprintf has been changed to conform with the ISO C standard, adding an extra character count parameter. To use traditional Microsoft swprintf, set _CRT_NON_CONFORMING_SWPRINTFS.
                 c:\program files (x86)\microsoft visual studio 11.0\vc\include\swprintf.inl(85) : see declaration of 'swprintf'
     1>c:\users\john\documents\visual studio 2012\projects\physicssimulator1\physicssimulator1\dpangleplot.cpp(332): warning C4800: 'boolean' : forcing value to bool 'true' or 'false' (performance warning)
       Link:
         C:\Program Files (x86)\Microsoft Visual Studio 11.0\VC\bin\link.exe /ERRORREPORT:PROMPT /OUT:"C:\Users\John\Documents\Visual Studio 2012\Projects\PhysicsSimulator1\Debug\PhysicsSimulator.exe" /INCREMENTAL /NOLOGO kernel32.lib user32.lib gdi32.lib winspool.lib comdlg32.lib advapi32.lib shell32.lib ole32.lib oleaut32.lib uuid.lib odbc32.lib odbccp32.lib /MANIFEST /MANIFESTUAC:"level='asInvoker' uiAccess='false'" /manifest:embed /DEBUG /PDB:"C:\Users\John\Documents\Visual Studio 2012\Projects\PhysicsSimulator1\Debug\PhysicsSimulator.pdb" /SUBSYSTEM:WINDOWS /TLBID:1 /DYNAMICBASE /NXCOMPAT /IMPLIB:"C:\Users\John\Documents\Visual Studio 2012\Projects\PhysicsSimulator1\Debug\PhysicsSimulator.lib" /MACHINE:X86 Debug\Resource.res
         Debug\DPAnglePlot.obj
         Debug\Colors.obj
         Debug\DoublePendulumSystem.obj
         Debug\DPAngVelPlot.obj
         Debug\DPEnergyPlot.obj
         Debug\DPPlotSettings.obj
         Debug\Pendulum.obj
         Debug\DPPositionPlot.obj
         Debug\SIMDoublePendulum.obj
         Debug\UIDoublePendulum.obj
         Debug\UIDPDialog.obj
         Debug\WinMain.obj
         Debug\UIMainMenu.obj
         PhysicsSimulator1.vcxproj -> C:\Users\John\Documents\Visual Studio 2012\Projects\PhysicsSimulator1\Debug\PhysicsSimulator.exe
     1>Done Building Project "C:\Users\John\Documents\Visual Studio 2012\Projects\PhysicsSimulator1\PhysicsSimulator1\PhysicsSimulator1.vcxproj" (Build target(s)).

Build succeeded.

Time Elapsed 00:00:03.55
