C:\USERS\JOHN\DOCUMENTS\VISUAL STUDIO 2012\PROJECTS\PHYSICSSIMULATOR1\PHYSICSSIMULATOR1\DEBUG\DOUBLEPENDULUMSYSTEM.OBJ
C:\USERS\JOHN\DOCUMENTS\VISUAL STUDIO 2012\PROJECTS\PHYSICSSIMULATOR1\PHYSICSSIMULATOR1\DEBUG\PENDULUM.OBJ
C:\USERS\JOHN\DOCUMENTS\VISUAL STUDIO 2012\PROJECTS\PHYSICSSIMULATOR1\PHYSICSSIMULATOR1\DEBUG\UIDPDIALOG.OBJ
C:\USERS\JOHN\DOCUMENTS\VISUAL STUDIO 2012\PROJECTS\PHYSICSSIMULATOR1\PHYSICSSIMULATOR1\DEBUG\UIMAINMENU.OBJ
C:\USERS\JOHN\DOCUMENTS\VISUAL STUDIO 2012\PROJECTS\PHYSICSSIMULATOR1\PHYSICSSIMULATOR1\DEBUG\VC110.PDB
C:\USERS\JOHN\DOCUMENTS\VISUAL STUDIO 2012\PROJECTS\PHYSICSSIMULATOR1\PHYSICSSIMULATOR1\DEBUG\DPPLOTSETTINGS.OBJ
C:\USERS\JOHN\DOCUMENTS\VISUAL STUDIO 2012\PROJECTS\PHYSICSSIMULATOR1\PHYSICSSIMULATOR1\DEBUG\WINMAIN.OBJ
C:\USERS\JOHN\DOCUMENTS\VISUAL STUDIO 2012\PROJECTS\PHYSICSSIMULATOR1\PHYSICSSIMULATOR1\DEBUG\UIDOUBLEPENDULUM.OBJ
C:\USERS\JOHN\DOCUMENTS\VISUAL STUDIO 2012\PROJECTS\PHYSICSSIMULATOR1\PHYSICSSIMULATOR1\DEBUG\SIMDOUBLEPENDULUM.OBJ
C:\USERS\JOHN\DOCUMENTS\VISUAL STUDIO 2012\PROJECTS\PHYSICSSIMULATOR1\PHYSICSSIMULATOR1\DEBUG\DPENERGYPLOT.OBJ
C:\USERS\JOHN\DOCUMENTS\VISUAL STUDIO 2012\PROJECTS\PHYSICSSIMULATOR1\PHYSICSSIMULATOR1\DEBUG\COLORS.OBJ
C:\USERS\JOHN\DOCUMENTS\VISUAL STUDIO 2012\PROJECTS\PHYSICSSIMULATOR1\PHYSICSSIMULATOR1\DEBUG\DPPOSITIONPLOT.OBJ
C:\USERS\JOHN\DOCUMENTS\VISUAL STUDIO 2012\PROJECTS\PHYSICSSIMULATOR1\PHYSICSSIMULATOR1\DEBUG\DPANGLEPLOT.OBJ
C:\USERS\JOHN\DOCUMENTS\VISUAL STUDIO 2012\PROJECTS\PHYSICSSIMULATOR1\PHYSICSSIMULATOR1\DEBUG\DPANGVELPLOT.OBJ
C:\USERS\JOHN\DOCUMENTS\VISUAL STUDIO 2012\PROJECTS\PHYSICSSIMULATOR1\DEBUG\PHYSICSSIMULATOR.ILK
C:\USERS\JOHN\DOCUMENTS\VISUAL STUDIO 2012\PROJECTS\PHYSICSSIMULATOR1\DEBUG\PHYSICSSIMULATOR.EXE
C:\USERS\JOHN\DOCUMENTS\VISUAL STUDIO 2012\PROJECTS\PHYSICSSIMULATOR1\DEBUG\PHYSICSSIMULATOR.PDB
C:\USERS\JOHN\DOCUMENTS\VISUAL STUDIO 2012\PROJECTS\PHYSICSSIMULATOR1\PHYSICSSIMULATOR1\DEBUG\RESOURCE.RES
C:\Users\John\Documents\Visual Studio 2012\Projects\PhysicsSimulator1\PhysicsSimulator1\Debug\Colors.obj
C:\Users\John\Documents\Visual Studio 2012\Projects\PhysicsSimulator1\PhysicsSimulator1\Debug\DoublePendulumSystem.obj
C:\Users\John\Documents\Visual Studio 2012\Projects\PhysicsSimulator1\PhysicsSimulator1\Debug\DPAnglePlot.obj
C:\Users\John\Documents\Visual Studio 2012\Projects\PhysicsSimulator1\PhysicsSimulator1\Debug\DPAngVelPlot.obj
C:\Users\John\Documents\Visual Studio 2012\Projects\PhysicsSimulator1\PhysicsSimulator1\Debug\DPEnergyPlot.obj
C:\Users\John\Documents\Visual Studio 2012\Projects\PhysicsSimulator1\PhysicsSimulator1\Debug\DPPlotSettings.obj
C:\Users\John\Documents\Visual Studio 2012\Projects\PhysicsSimulator1\PhysicsSimulator1\Debug\DPPositionPlot.obj
C:\Users\John\Documents\Visual Studio 2012\Projects\PhysicsSimulator1\PhysicsSimulator1\Debug\Pendulum.obj
C:\Users\John\Documents\Visual Studio 2012\Projects\PhysicsSimulator1\PhysicsSimulator1\Debug\SIMDoublePendulum.obj
C:\Users\John\Documents\Visual Studio 2012\Projects\PhysicsSimulator1\PhysicsSimulator1\Debug\UIDPDialog.obj
C:\Users\John\Documents\Visual Studio 2012\Projects\PhysicsSimulator1\PhysicsSimulator1\Debug\UIMainMenu.obj
C:\Users\John\Documents\Visual Studio 2012\Projects\PhysicsSimulator1\PhysicsSimulator1\Debug\WinMain.obj
C:\Users\John\Documents\Visual Studio 2012\Projects\PhysicsSimulator1\PhysicsSimulator1\Debug\PhysicsSimulator.ilk
C:\Users\John\Documents\Visual Studio 2012\Projects\PhysicsSimulator1\PhysicsSimulator1\Debug\PhysicsSimulator1.ilk
C:\Users\John\Documents\Visual Studio 2012\Projects\PhysicsSimulator1\PhysicsSimulator1\Debug\cl.command.1.tlog
C:\Users\John\Documents\Visual Studio 2012\Projects\PhysicsSimulator1\PhysicsSimulator1\Debug\CL.read.1.tlog
C:\Users\John\Documents\Visual Studio 2012\Projects\PhysicsSimulator1\PhysicsSimulator1\Debug\CL.write.1.tlog
C:\Users\John\Documents\Visual Studio 2012\Projects\PhysicsSimulator1\PhysicsSimulator1\Debug\link-cvtres.read.1.tlog
C:\Users\John\Documents\Visual Studio 2012\Projects\PhysicsSimulator1\PhysicsSimulator1\Debug\link-cvtres.write.1.tlog
C:\Users\John\Documents\Visual Studio 2012\Projects\PhysicsSimulator1\PhysicsSimulator1\Debug\link-rc.read.1.tlog
C:\Users\John\Documents\Visual Studio 2012\Projects\PhysicsSimulator1\PhysicsSimulator1\Debug\link-rc.write.1.tlog
C:\Users\John\Documents\Visual Studio 2012\Projects\PhysicsSimulator1\PhysicsSimulator1\Debug\link.10012-cvtres.read.1.tlog
C:\Users\John\Documents\Visual Studio 2012\Projects\PhysicsSimulator1\PhysicsSimulator1\Debug\link.10012-cvtres.write.1.tlog
C:\Users\John\Documents\Visual Studio 2012\Projects\PhysicsSimulator1\PhysicsSimulator1\Debug\link.10012-rc.read.1.tlog
C:\Users\John\Documents\Visual Studio 2012\Projects\PhysicsSimulator1\PhysicsSimulator1\Debug\link.10012-rc.write.1.tlog
C:\Users\John\Documents\Visual Studio 2012\Projects\PhysicsSimulator1\PhysicsSimulator1\Debug\link.10012.read.1.tlog
C:\Users\John\Documents\Visual Studio 2012\Projects\PhysicsSimulator1\PhysicsSimulator1\Debug\link.10012.write.1.tlog
C:\Users\John\Documents\Visual Studio 2012\Projects\PhysicsSimulator1\PhysicsSimulator1\Debug\link.10096-cvtres.read.1.tlog
C:\Users\John\Documents\Visual Studio 2012\Projects\PhysicsSimulator1\PhysicsSimulator1\Debug\link.10096-cvtres.write.1.tlog
C:\Users\John\Documents\Visual Studio 2012\Projects\PhysicsSimulator1\PhysicsSimulator1\Debug\link.10096-rc.read.1.tlog
C:\Users\John\Documents\Visual Studio 2012\Projects\PhysicsSimulator1\PhysicsSimulator1\Debug\link.10096-rc.write.1.tlog
C:\Users\John\Documents\Visual Studio 2012\Projects\PhysicsSimulator1\PhysicsSimulator1\Debug\link.10096.read.1.tlog
C:\Users\John\Documents\Visual Studio 2012\Projects\PhysicsSimulator1\PhysicsSimulator1\Debug\link.10096.write.1.tlog
C:\Users\John\Documents\Visual Studio 2012\Projects\PhysicsSimulator1\PhysicsSimulator1\Debug\link.10788-cvtres.read.1.tlog
C:\Users\John\Documents\Visual Studio 2012\Projects\PhysicsSimulator1\PhysicsSimulator1\Debug\link.10788-cvtres.write.1.tlog
C:\Users\John\Documents\Visual Studio 2012\Projects\PhysicsSimulator1\PhysicsSimulator1\Debug\link.10788-rc.read.1.tlog
C:\Users\John\Documents\Visual Studio 2012\Projects\PhysicsSimulator1\PhysicsSimulator1\Debug\link.10788-rc.write.1.tlog
C:\Users\John\Documents\Visual Studio 2012\Projects\PhysicsSimulator1\PhysicsSimulator1\Debug\link.10788.read.1.tlog
C:\Users\John\Documents\Visual Studio 2012\Projects\PhysicsSimulator1\PhysicsSimulator1\Debug\link.10788.write.1.tlog
C:\Users\John\Documents\Visual Studio 2012\Projects\PhysicsSimulator1\PhysicsSimulator1\Debug\link.11104-cvtres.read.1.tlog
C:\Users\John\Documents\Visual Studio 2012\Projects\PhysicsSimulator1\PhysicsSimulator1\Debug\link.11104-cvtres.write.1.tlog
C:\Users\John\Documents\Visual Studio 2012\Projects\PhysicsSimulator1\PhysicsSimulator1\Debug\link.11104-rc.read.1.tlog
C:\Users\John\Documents\Visual Studio 2012\Projects\PhysicsSimulator1\PhysicsSimulator1\Debug\link.11104-rc.write.1.tlog
C:\Users\John\Documents\Visual Studio 2012\Projects\PhysicsSimulator1\PhysicsSimulator1\Debug\link.11104.read.1.tlog
C:\Users\John\Documents\Visual Studio 2012\Projects\PhysicsSimulator1\PhysicsSimulator1\Debug\link.11104.write.1.tlog
C:\Users\John\Documents\Visual Studio 2012\Projects\PhysicsSimulator1\PhysicsSimulator1\Debug\link.11440-cvtres.read.1.tlog
C:\Users\John\Documents\Visual Studio 2012\Projects\PhysicsSimulator1\PhysicsSimulator1\Debug\link.11440-cvtres.write.1.tlog
C:\Users\John\Documents\Visual Studio 2012\Projects\PhysicsSimulator1\PhysicsSimulator1\Debug\link.11440-rc.read.1.tlog
C:\Users\John\Documents\Visual Studio 2012\Projects\PhysicsSimulator1\PhysicsSimulator1\Debug\link.11440-rc.write.1.tlog
C:\Users\John\Documents\Visual Studio 2012\Projects\PhysicsSimulator1\PhysicsSimulator1\Debug\link.11440.read.1.tlog
C:\Users\John\Documents\Visual Studio 2012\Projects\PhysicsSimulator1\PhysicsSimulator1\Debug\link.11440.write.1.tlog
C:\Users\John\Documents\Visual Studio 2012\Projects\PhysicsSimulator1\PhysicsSimulator1\Debug\link.11528-cvtres.read.1.tlog
C:\Users\John\Documents\Visual Studio 2012\Projects\PhysicsSimulator1\PhysicsSimulator1\Debug\link.11528-cvtres.write.1.tlog
C:\Users\John\Documents\Visual Studio 2012\Projects\PhysicsSimulator1\PhysicsSimulator1\Debug\link.11528-rc.read.1.tlog
C:\Users\John\Documents\Visual Studio 2012\Projects\PhysicsSimulator1\PhysicsSimulator1\Debug\link.11528-rc.write.1.tlog
C:\Users\John\Documents\Visual Studio 2012\Projects\PhysicsSimulator1\PhysicsSimulator1\Debug\link.11528.read.1.tlog
C:\Users\John\Documents\Visual Studio 2012\Projects\PhysicsSimulator1\PhysicsSimulator1\Debug\link.11528.write.1.tlog
C:\Users\John\Documents\Visual Studio 2012\Projects\PhysicsSimulator1\PhysicsSimulator1\Debug\link.11952-cvtres.read.1.tlog
C:\Users\John\Documents\Visual Studio 2012\Projects\PhysicsSimulator1\PhysicsSimulator1\Debug\link.11952-cvtres.write.1.tlog
C:\Users\John\Documents\Visual Studio 2012\Projects\PhysicsSimulator1\PhysicsSimulator1\Debug\link.11952-rc.read.1.tlog
C:\Users\John\Documents\Visual Studio 2012\Projects\PhysicsSimulator1\PhysicsSimulator1\Debug\link.11952-rc.write.1.tlog
C:\Users\John\Documents\Visual Studio 2012\Projects\PhysicsSimulator1\PhysicsSimulator1\Debug\link.11952.read.1.tlog
C:\Users\John\Documents\Visual Studio 2012\Projects\PhysicsSimulator1\PhysicsSimulator1\Debug\link.11952.write.1.tlog
C:\Users\John\Documents\Visual Studio 2012\Projects\PhysicsSimulator1\PhysicsSimulator1\Debug\link.1200-cvtres.read.1.tlog
C:\Users\John\Documents\Visual Studio 2012\Projects\PhysicsSimulator1\PhysicsSimulator1\Debug\link.1200-cvtres.write.1.tlog
C:\Users\John\Documents\Visual Studio 2012\Projects\PhysicsSimulator1\PhysicsSimulator1\Debug\link.1200-rc.read.1.tlog
C:\Users\John\Documents\Visual Studio 2012\Projects\PhysicsSimulator1\PhysicsSimulator1\Debug\link.1200-rc.write.1.tlog
C:\Users\John\Documents\Visual Studio 2012\Projects\PhysicsSimulator1\PhysicsSimulator1\Debug\link.1200.read.1.tlog
C:\Users\John\Documents\Visual Studio 2012\Projects\PhysicsSimulator1\PhysicsSimulator1\Debug\link.1200.write.1.tlog
C:\Users\John\Documents\Visual Studio 2012\Projects\PhysicsSimulator1\PhysicsSimulator1\Debug\link.1520-cvtres.read.1.tlog
C:\Users\John\Documents\Visual Studio 2012\Projects\PhysicsSimulator1\PhysicsSimulator1\Debug\link.1520-cvtres.write.1.tlog
C:\Users\John\Documents\Visual Studio 2012\Projects\PhysicsSimulator1\PhysicsSimulator1\Debug\link.1520-rc.read.1.tlog
C:\Users\John\Documents\Visual Studio 2012\Projects\PhysicsSimulator1\PhysicsSimulator1\Debug\link.1520-rc.write.1.tlog
C:\Users\John\Documents\Visual Studio 2012\Projects\PhysicsSimulator1\PhysicsSimulator1\Debug\link.1520.read.1.tlog
C:\Users\John\Documents\Visual Studio 2012\Projects\PhysicsSimulator1\PhysicsSimulator1\Debug\link.1520.write.1.tlog
C:\Users\John\Documents\Visual Studio 2012\Projects\PhysicsSimulator1\PhysicsSimulator1\Debug\link.2200-cvtres.read.1.tlog
C:\Users\John\Documents\Visual Studio 2012\Projects\PhysicsSimulator1\PhysicsSimulator1\Debug\link.2200-cvtres.write.1.tlog
C:\Users\John\Documents\Visual Studio 2012\Projects\PhysicsSimulator1\PhysicsSimulator1\Debug\link.2200-rc.read.1.tlog
C:\Users\John\Documents\Visual Studio 2012\Projects\PhysicsSimulator1\PhysicsSimulator1\Debug\link.2200-rc.write.1.tlog
C:\Users\John\Documents\Visual Studio 2012\Projects\PhysicsSimulator1\PhysicsSimulator1\Debug\link.2200.read.1.tlog
C:\Users\John\Documents\Visual Studio 2012\Projects\PhysicsSimulator1\PhysicsSimulator1\Debug\link.2200.write.1.tlog
C:\Users\John\Documents\Visual Studio 2012\Projects\PhysicsSimulator1\PhysicsSimulator1\Debug\link.2288-cvtres.read.1.tlog
C:\Users\John\Documents\Visual Studio 2012\Projects\PhysicsSimulator1\PhysicsSimulator1\Debug\link.2288-cvtres.write.1.tlog
C:\Users\John\Documents\Visual Studio 2012\Projects\PhysicsSimulator1\PhysicsSimulator1\Debug\link.2288-rc.read.1.tlog
C:\Users\John\Documents\Visual Studio 2012\Projects\PhysicsSimulator1\PhysicsSimulator1\Debug\link.2288-rc.write.1.tlog
C:\Users\John\Documents\Visual Studio 2012\Projects\PhysicsSimulator1\PhysicsSimulator1\Debug\link.2288.read.1.tlog
C:\Users\John\Documents\Visual Studio 2012\Projects\PhysicsSimulator1\PhysicsSimulator1\Debug\link.2288.write.1.tlog
C:\Users\John\Documents\Visual Studio 2012\Projects\PhysicsSimulator1\PhysicsSimulator1\Debug\link.2384-cvtres.read.1.tlog
C:\Users\John\Documents\Visual Studio 2012\Projects\PhysicsSimulator1\PhysicsSimulator1\Debug\link.2384-cvtres.write.1.tlog
C:\Users\John\Documents\Visual Studio 2012\Projects\PhysicsSimulator1\PhysicsSimulator1\Debug\link.2384-rc.read.1.tlog
C:\Users\John\Documents\Visual Studio 2012\Projects\PhysicsSimulator1\PhysicsSimulator1\Debug\link.2384-rc.write.1.tlog
C:\Users\John\Documents\Visual Studio 2012\Projects\PhysicsSimulator1\PhysicsSimulator1\Debug\link.2384.read.1.tlog
C:\Users\John\Documents\Visual Studio 2012\Projects\PhysicsSimulator1\PhysicsSimulator1\Debug\link.2384.write.1.tlog
C:\Users\John\Documents\Visual Studio 2012\Projects\PhysicsSimulator1\PhysicsSimulator1\Debug\link.2456-cvtres.read.1.tlog
C:\Users\John\Documents\Visual Studio 2012\Projects\PhysicsSimulator1\PhysicsSimulator1\Debug\link.2456-cvtres.write.1.tlog
C:\Users\John\Documents\Visual Studio 2012\Projects\PhysicsSimulator1\PhysicsSimulator1\Debug\link.2456-rc.read.1.tlog
C:\Users\John\Documents\Visual Studio 2012\Projects\PhysicsSimulator1\PhysicsSimulator1\Debug\link.2456-rc.write.1.tlog
C:\Users\John\Documents\Visual Studio 2012\Projects\PhysicsSimulator1\PhysicsSimulator1\Debug\link.2456.read.1.tlog
C:\Users\John\Documents\Visual Studio 2012\Projects\PhysicsSimulator1\PhysicsSimulator1\Debug\link.2456.write.1.tlog
C:\Users\John\Documents\Visual Studio 2012\Projects\PhysicsSimulator1\PhysicsSimulator1\Debug\link.2676-cvtres.read.1.tlog
C:\Users\John\Documents\Visual Studio 2012\Projects\PhysicsSimulator1\PhysicsSimulator1\Debug\link.2676-cvtres.write.1.tlog
C:\Users\John\Documents\Visual Studio 2012\Projects\PhysicsSimulator1\PhysicsSimulator1\Debug\link.2676-rc.read.1.tlog
C:\Users\John\Documents\Visual Studio 2012\Projects\PhysicsSimulator1\PhysicsSimulator1\Debug\link.2676-rc.write.1.tlog
C:\Users\John\Documents\Visual Studio 2012\Projects\PhysicsSimulator1\PhysicsSimulator1\Debug\link.2676.read.1.tlog
C:\Users\John\Documents\Visual Studio 2012\Projects\PhysicsSimulator1\PhysicsSimulator1\Debug\link.2676.write.1.tlog
C:\Users\John\Documents\Visual Studio 2012\Projects\PhysicsSimulator1\PhysicsSimulator1\Debug\link.3436-cvtres.read.1.tlog
C:\Users\John\Documents\Visual Studio 2012\Projects\PhysicsSimulator1\PhysicsSimulator1\Debug\link.3436-cvtres.write.1.tlog
C:\Users\John\Documents\Visual Studio 2012\Projects\PhysicsSimulator1\PhysicsSimulator1\Debug\link.3436-rc.read.1.tlog
C:\Users\John\Documents\Visual Studio 2012\Projects\PhysicsSimulator1\PhysicsSimulator1\Debug\link.3436-rc.write.1.tlog
C:\Users\John\Documents\Visual Studio 2012\Projects\PhysicsSimulator1\PhysicsSimulator1\Debug\link.3436.read.1.tlog
C:\Users\John\Documents\Visual Studio 2012\Projects\PhysicsSimulator1\PhysicsSimulator1\Debug\link.3436.write.1.tlog
C:\Users\John\Documents\Visual Studio 2012\Projects\PhysicsSimulator1\PhysicsSimulator1\Debug\link.4568-cvtres.read.1.tlog
C:\Users\John\Documents\Visual Studio 2012\Projects\PhysicsSimulator1\PhysicsSimulator1\Debug\link.4568-cvtres.write.1.tlog
C:\Users\John\Documents\Visual Studio 2012\Projects\PhysicsSimulator1\PhysicsSimulator1\Debug\link.4568-rc.read.1.tlog
C:\Users\John\Documents\Visual Studio 2012\Projects\PhysicsSimulator1\PhysicsSimulator1\Debug\link.4568-rc.write.1.tlog
C:\Users\John\Documents\Visual Studio 2012\Projects\PhysicsSimulator1\PhysicsSimulator1\Debug\link.4568.read.1.tlog
C:\Users\John\Documents\Visual Studio 2012\Projects\PhysicsSimulator1\PhysicsSimulator1\Debug\link.4568.write.1.tlog
C:\Users\John\Documents\Visual Studio 2012\Projects\PhysicsSimulator1\PhysicsSimulator1\Debug\link.5740-cvtres.read.1.tlog
C:\Users\John\Documents\Visual Studio 2012\Projects\PhysicsSimulator1\PhysicsSimulator1\Debug\link.5740-cvtres.write.1.tlog
C:\Users\John\Documents\Visual Studio 2012\Projects\PhysicsSimulator1\PhysicsSimulator1\Debug\link.5740-rc.read.1.tlog
C:\Users\John\Documents\Visual Studio 2012\Projects\PhysicsSimulator1\PhysicsSimulator1\Debug\link.5740-rc.write.1.tlog
C:\Users\John\Documents\Visual Studio 2012\Projects\PhysicsSimulator1\PhysicsSimulator1\Debug\link.5740.read.1.tlog
C:\Users\John\Documents\Visual Studio 2012\Projects\PhysicsSimulator1\PhysicsSimulator1\Debug\link.5740.write.1.tlog
C:\Users\John\Documents\Visual Studio 2012\Projects\PhysicsSimulator1\PhysicsSimulator1\Debug\link.6112-cvtres.read.1.tlog
C:\Users\John\Documents\Visual Studio 2012\Projects\PhysicsSimulator1\PhysicsSimulator1\Debug\link.6112-cvtres.write.1.tlog
C:\Users\John\Documents\Visual Studio 2012\Projects\PhysicsSimulator1\PhysicsSimulator1\Debug\link.6112-rc.read.1.tlog
C:\Users\John\Documents\Visual Studio 2012\Projects\PhysicsSimulator1\PhysicsSimulator1\Debug\link.6112-rc.write.1.tlog
C:\Users\John\Documents\Visual Studio 2012\Projects\PhysicsSimulator1\PhysicsSimulator1\Debug\link.6112.read.1.tlog
C:\Users\John\Documents\Visual Studio 2012\Projects\PhysicsSimulator1\PhysicsSimulator1\Debug\link.6112.write.1.tlog
C:\Users\John\Documents\Visual Studio 2012\Projects\PhysicsSimulator1\PhysicsSimulator1\Debug\link.6464-cvtres.read.1.tlog
C:\Users\John\Documents\Visual Studio 2012\Projects\PhysicsSimulator1\PhysicsSimulator1\Debug\link.6464-cvtres.write.1.tlog
C:\Users\John\Documents\Visual Studio 2012\Projects\PhysicsSimulator1\PhysicsSimulator1\Debug\link.6464-rc.read.1.tlog
C:\Users\John\Documents\Visual Studio 2012\Projects\PhysicsSimulator1\PhysicsSimulator1\Debug\link.6464-rc.write.1.tlog
C:\Users\John\Documents\Visual Studio 2012\Projects\PhysicsSimulator1\PhysicsSimulator1\Debug\link.6464.read.1.tlog
C:\Users\John\Documents\Visual Studio 2012\Projects\PhysicsSimulator1\PhysicsSimulator1\Debug\link.6464.write.1.tlog
C:\Users\John\Documents\Visual Studio 2012\Projects\PhysicsSimulator1\PhysicsSimulator1\Debug\link.6528-cvtres.read.1.tlog
C:\Users\John\Documents\Visual Studio 2012\Projects\PhysicsSimulator1\PhysicsSimulator1\Debug\link.6528-cvtres.write.1.tlog
C:\Users\John\Documents\Visual Studio 2012\Projects\PhysicsSimulator1\PhysicsSimulator1\Debug\link.6528-rc.read.1.tlog
C:\Users\John\Documents\Visual Studio 2012\Projects\PhysicsSimulator1\PhysicsSimulator1\Debug\link.6528-rc.write.1.tlog
C:\Users\John\Documents\Visual Studio 2012\Projects\PhysicsSimulator1\PhysicsSimulator1\Debug\link.6528.read.1.tlog
C:\Users\John\Documents\Visual Studio 2012\Projects\PhysicsSimulator1\PhysicsSimulator1\Debug\link.6528.write.1.tlog
C:\Users\John\Documents\Visual Studio 2012\Projects\PhysicsSimulator1\PhysicsSimulator1\Debug\link.6544-cvtres.read.1.tlog
C:\Users\John\Documents\Visual Studio 2012\Projects\PhysicsSimulator1\PhysicsSimulator1\Debug\link.6544-cvtres.write.1.tlog
C:\Users\John\Documents\Visual Studio 2012\Projects\PhysicsSimulator1\PhysicsSimulator1\Debug\link.6544-rc.read.1.tlog
C:\Users\John\Documents\Visual Studio 2012\Projects\PhysicsSimulator1\PhysicsSimulator1\Debug\link.6544-rc.write.1.tlog
C:\Users\John\Documents\Visual Studio 2012\Projects\PhysicsSimulator1\PhysicsSimulator1\Debug\link.6544.read.1.tlog
C:\Users\John\Documents\Visual Studio 2012\Projects\PhysicsSimulator1\PhysicsSimulator1\Debug\link.6544.write.1.tlog
C:\Users\John\Documents\Visual Studio 2012\Projects\PhysicsSimulator1\PhysicsSimulator1\Debug\link.6612-cvtres.read.1.tlog
C:\Users\John\Documents\Visual Studio 2012\Projects\PhysicsSimulator1\PhysicsSimulator1\Debug\link.6612-cvtres.write.1.tlog
C:\Users\John\Documents\Visual Studio 2012\Projects\PhysicsSimulator1\PhysicsSimulator1\Debug\link.6612-rc.read.1.tlog
C:\Users\John\Documents\Visual Studio 2012\Projects\PhysicsSimulator1\PhysicsSimulator1\Debug\link.6612-rc.write.1.tlog
C:\Users\John\Documents\Visual Studio 2012\Projects\PhysicsSimulator1\PhysicsSimulator1\Debug\link.6612.read.1.tlog
C:\Users\John\Documents\Visual Studio 2012\Projects\PhysicsSimulator1\PhysicsSimulator1\Debug\link.6612.write.1.tlog
C:\Users\John\Documents\Visual Studio 2012\Projects\PhysicsSimulator1\PhysicsSimulator1\Debug\link.6728-cvtres.read.1.tlog
C:\Users\John\Documents\Visual Studio 2012\Projects\PhysicsSimulator1\PhysicsSimulator1\Debug\link.6728-cvtres.write.1.tlog
C:\Users\John\Documents\Visual Studio 2012\Projects\PhysicsSimulator1\PhysicsSimulator1\Debug\link.6728-rc.read.1.tlog
C:\Users\John\Documents\Visual Studio 2012\Projects\PhysicsSimulator1\PhysicsSimulator1\Debug\link.6728-rc.write.1.tlog
C:\Users\John\Documents\Visual Studio 2012\Projects\PhysicsSimulator1\PhysicsSimulator1\Debug\link.6728.read.1.tlog
C:\Users\John\Documents\Visual Studio 2012\Projects\PhysicsSimulator1\PhysicsSimulator1\Debug\link.6728.write.1.tlog
C:\Users\John\Documents\Visual Studio 2012\Projects\PhysicsSimulator1\PhysicsSimulator1\Debug\link.6744-cvtres.read.1.tlog
C:\Users\John\Documents\Visual Studio 2012\Projects\PhysicsSimulator1\PhysicsSimulator1\Debug\link.6744-cvtres.write.1.tlog
C:\Users\John\Documents\Visual Studio 2012\Projects\PhysicsSimulator1\PhysicsSimulator1\Debug\link.6744-rc.read.1.tlog
C:\Users\John\Documents\Visual Studio 2012\Projects\PhysicsSimulator1\PhysicsSimulator1\Debug\link.6744-rc.write.1.tlog
C:\Users\John\Documents\Visual Studio 2012\Projects\PhysicsSimulator1\PhysicsSimulator1\Debug\link.6744.read.1.tlog
C:\Users\John\Documents\Visual Studio 2012\Projects\PhysicsSimulator1\PhysicsSimulator1\Debug\link.6744.write.1.tlog
C:\Users\John\Documents\Visual Studio 2012\Projects\PhysicsSimulator1\PhysicsSimulator1\Debug\link.6892-cvtres.read.1.tlog
C:\Users\John\Documents\Visual Studio 2012\Projects\PhysicsSimulator1\PhysicsSimulator1\Debug\link.6892-cvtres.write.1.tlog
C:\Users\John\Documents\Visual Studio 2012\Projects\PhysicsSimulator1\PhysicsSimulator1\Debug\link.6892-rc.read.1.tlog
C:\Users\John\Documents\Visual Studio 2012\Projects\PhysicsSimulator1\PhysicsSimulator1\Debug\link.6892-rc.write.1.tlog
C:\Users\John\Documents\Visual Studio 2012\Projects\PhysicsSimulator1\PhysicsSimulator1\Debug\link.6892.read.1.tlog
C:\Users\John\Documents\Visual Studio 2012\Projects\PhysicsSimulator1\PhysicsSimulator1\Debug\link.6892.write.1.tlog
C:\Users\John\Documents\Visual Studio 2012\Projects\PhysicsSimulator1\PhysicsSimulator1\Debug\link.6896-cvtres.read.1.tlog
C:\Users\John\Documents\Visual Studio 2012\Projects\PhysicsSimulator1\PhysicsSimulator1\Debug\link.6896-cvtres.write.1.tlog
C:\Users\John\Documents\Visual Studio 2012\Projects\PhysicsSimulator1\PhysicsSimulator1\Debug\link.6896-rc.read.1.tlog
C:\Users\John\Documents\Visual Studio 2012\Projects\PhysicsSimulator1\PhysicsSimulator1\Debug\link.6896-rc.write.1.tlog
C:\Users\John\Documents\Visual Studio 2012\Projects\PhysicsSimulator1\PhysicsSimulator1\Debug\link.6896.read.1.tlog
C:\Users\John\Documents\Visual Studio 2012\Projects\PhysicsSimulator1\PhysicsSimulator1\Debug\link.6896.write.1.tlog
C:\Users\John\Documents\Visual Studio 2012\Projects\PhysicsSimulator1\PhysicsSimulator1\Debug\link.7160-cvtres.read.1.tlog
C:\Users\John\Documents\Visual Studio 2012\Projects\PhysicsSimulator1\PhysicsSimulator1\Debug\link.7160-cvtres.write.1.tlog
C:\Users\John\Documents\Visual Studio 2012\Projects\PhysicsSimulator1\PhysicsSimulator1\Debug\link.7160-rc.read.1.tlog
C:\Users\John\Documents\Visual Studio 2012\Projects\PhysicsSimulator1\PhysicsSimulator1\Debug\link.7160-rc.write.1.tlog
C:\Users\John\Documents\Visual Studio 2012\Projects\PhysicsSimulator1\PhysicsSimulator1\Debug\link.7160.read.1.tlog
C:\Users\John\Documents\Visual Studio 2012\Projects\PhysicsSimulator1\PhysicsSimulator1\Debug\link.7160.write.1.tlog
C:\Users\John\Documents\Visual Studio 2012\Projects\PhysicsSimulator1\PhysicsSimulator1\Debug\link.7200-cvtres.read.1.tlog
C:\Users\John\Documents\Visual Studio 2012\Projects\PhysicsSimulator1\PhysicsSimulator1\Debug\link.7200-cvtres.write.1.tlog
C:\Users\John\Documents\Visual Studio 2012\Projects\PhysicsSimulator1\PhysicsSimulator1\Debug\link.7200-rc.read.1.tlog
C:\Users\John\Documents\Visual Studio 2012\Projects\PhysicsSimulator1\PhysicsSimulator1\Debug\link.7200-rc.write.1.tlog
C:\Users\John\Documents\Visual Studio 2012\Projects\PhysicsSimulator1\PhysicsSimulator1\Debug\link.7200.read.1.tlog
C:\Users\John\Documents\Visual Studio 2012\Projects\PhysicsSimulator1\PhysicsSimulator1\Debug\link.7200.write.1.tlog
C:\Users\John\Documents\Visual Studio 2012\Projects\PhysicsSimulator1\PhysicsSimulator1\Debug\link.7208-cvtres.read.1.tlog
C:\Users\John\Documents\Visual Studio 2012\Projects\PhysicsSimulator1\PhysicsSimulator1\Debug\link.7208-cvtres.write.1.tlog
C:\Users\John\Documents\Visual Studio 2012\Projects\PhysicsSimulator1\PhysicsSimulator1\Debug\link.7208-rc.read.1.tlog
C:\Users\John\Documents\Visual Studio 2012\Projects\PhysicsSimulator1\PhysicsSimulator1\Debug\link.7208-rc.write.1.tlog
C:\Users\John\Documents\Visual Studio 2012\Projects\PhysicsSimulator1\PhysicsSimulator1\Debug\link.7208.read.1.tlog
C:\Users\John\Documents\Visual Studio 2012\Projects\PhysicsSimulator1\PhysicsSimulator1\Debug\link.7208.write.1.tlog
C:\Users\John\Documents\Visual Studio 2012\Projects\PhysicsSimulator1\PhysicsSimulator1\Debug\link.7832-cvtres.read.1.tlog
C:\Users\John\Documents\Visual Studio 2012\Projects\PhysicsSimulator1\PhysicsSimulator1\Debug\link.7832-cvtres.write.1.tlog
C:\Users\John\Documents\Visual Studio 2012\Projects\PhysicsSimulator1\PhysicsSimulator1\Debug\link.7832-rc.read.1.tlog
C:\Users\John\Documents\Visual Studio 2012\Projects\PhysicsSimulator1\PhysicsSimulator1\Debug\link.7832-rc.write.1.tlog
C:\Users\John\Documents\Visual Studio 2012\Projects\PhysicsSimulator1\PhysicsSimulator1\Debug\link.7832.read.1.tlog
C:\Users\John\Documents\Visual Studio 2012\Projects\PhysicsSimulator1\PhysicsSimulator1\Debug\link.7832.write.1.tlog
C:\Users\John\Documents\Visual Studio 2012\Projects\PhysicsSimulator1\PhysicsSimulator1\Debug\link.8024-cvtres.read.1.tlog
C:\Users\John\Documents\Visual Studio 2012\Projects\PhysicsSimulator1\PhysicsSimulator1\Debug\link.8024-cvtres.write.1.tlog
C:\Users\John\Documents\Visual Studio 2012\Projects\PhysicsSimulator1\PhysicsSimulator1\Debug\link.8024-rc.read.1.tlog
C:\Users\John\Documents\Visual Studio 2012\Projects\PhysicsSimulator1\PhysicsSimulator1\Debug\link.8024-rc.write.1.tlog
C:\Users\John\Documents\Visual Studio 2012\Projects\PhysicsSimulator1\PhysicsSimulator1\Debug\link.8024.read.1.tlog
C:\Users\John\Documents\Visual Studio 2012\Projects\PhysicsSimulator1\PhysicsSimulator1\Debug\link.8024.write.1.tlog
C:\Users\John\Documents\Visual Studio 2012\Projects\PhysicsSimulator1\PhysicsSimulator1\Debug\link.8260-cvtres.read.1.tlog
C:\Users\John\Documents\Visual Studio 2012\Projects\PhysicsSimulator1\PhysicsSimulator1\Debug\link.8260-cvtres.write.1.tlog
C:\Users\John\Documents\Visual Studio 2012\Projects\PhysicsSimulator1\PhysicsSimulator1\Debug\link.8260-rc.read.1.tlog
C:\Users\John\Documents\Visual Studio 2012\Projects\PhysicsSimulator1\PhysicsSimulator1\Debug\link.8260-rc.write.1.tlog
C:\Users\John\Documents\Visual Studio 2012\Projects\PhysicsSimulator1\PhysicsSimulator1\Debug\link.8260.read.1.tlog
C:\Users\John\Documents\Visual Studio 2012\Projects\PhysicsSimulator1\PhysicsSimulator1\Debug\link.8260.write.1.tlog
C:\Users\John\Documents\Visual Studio 2012\Projects\PhysicsSimulator1\PhysicsSimulator1\Debug\link.8268-cvtres.read.1.tlog
C:\Users\John\Documents\Visual Studio 2012\Projects\PhysicsSimulator1\PhysicsSimulator1\Debug\link.8268-cvtres.write.1.tlog
C:\Users\John\Documents\Visual Studio 2012\Projects\PhysicsSimulator1\PhysicsSimulator1\Debug\link.8268-rc.read.1.tlog
C:\Users\John\Documents\Visual Studio 2012\Projects\PhysicsSimulator1\PhysicsSimulator1\Debug\link.8268-rc.write.1.tlog
C:\Users\John\Documents\Visual Studio 2012\Projects\PhysicsSimulator1\PhysicsSimulator1\Debug\link.8268.read.1.tlog
C:\Users\John\Documents\Visual Studio 2012\Projects\PhysicsSimulator1\PhysicsSimulator1\Debug\link.8268.write.1.tlog
C:\Users\John\Documents\Visual Studio 2012\Projects\PhysicsSimulator1\PhysicsSimulator1\Debug\link.8380-cvtres.read.1.tlog
C:\Users\John\Documents\Visual Studio 2012\Projects\PhysicsSimulator1\PhysicsSimulator1\Debug\link.8380-cvtres.write.1.tlog
C:\Users\John\Documents\Visual Studio 2012\Projects\PhysicsSimulator1\PhysicsSimulator1\Debug\link.8380-rc.read.1.tlog
C:\Users\John\Documents\Visual Studio 2012\Projects\PhysicsSimulator1\PhysicsSimulator1\Debug\link.8380-rc.write.1.tlog
C:\Users\John\Documents\Visual Studio 2012\Projects\PhysicsSimulator1\PhysicsSimulator1\Debug\link.8380.read.1.tlog
C:\Users\John\Documents\Visual Studio 2012\Projects\PhysicsSimulator1\PhysicsSimulator1\Debug\link.8380.write.1.tlog
C:\Users\John\Documents\Visual Studio 2012\Projects\PhysicsSimulator1\PhysicsSimulator1\Debug\link.8436-cvtres.read.1.tlog
C:\Users\John\Documents\Visual Studio 2012\Projects\PhysicsSimulator1\PhysicsSimulator1\Debug\link.8436-cvtres.write.1.tlog
C:\Users\John\Documents\Visual Studio 2012\Projects\PhysicsSimulator1\PhysicsSimulator1\Debug\link.8436-rc.read.1.tlog
C:\Users\John\Documents\Visual Studio 2012\Projects\PhysicsSimulator1\PhysicsSimulator1\Debug\link.8436-rc.write.1.tlog
C:\Users\John\Documents\Visual Studio 2012\Projects\PhysicsSimulator1\PhysicsSimulator1\Debug\link.8436.read.1.tlog
C:\Users\John\Documents\Visual Studio 2012\Projects\PhysicsSimulator1\PhysicsSimulator1\Debug\link.8436.write.1.tlog
C:\Users\John\Documents\Visual Studio 2012\Projects\PhysicsSimulator1\PhysicsSimulator1\Debug\link.8668-cvtres.read.1.tlog
C:\Users\John\Documents\Visual Studio 2012\Projects\PhysicsSimulator1\PhysicsSimulator1\Debug\link.8668-cvtres.write.1.tlog
C:\Users\John\Documents\Visual Studio 2012\Projects\PhysicsSimulator1\PhysicsSimulator1\Debug\link.8668-rc.read.1.tlog
C:\Users\John\Documents\Visual Studio 2012\Projects\PhysicsSimulator1\PhysicsSimulator1\Debug\link.8668-rc.write.1.tlog
C:\Users\John\Documents\Visual Studio 2012\Projects\PhysicsSimulator1\PhysicsSimulator1\Debug\link.8668.read.1.tlog
C:\Users\John\Documents\Visual Studio 2012\Projects\PhysicsSimulator1\PhysicsSimulator1\Debug\link.8668.write.1.tlog
C:\Users\John\Documents\Visual Studio 2012\Projects\PhysicsSimulator1\PhysicsSimulator1\Debug\link.9012-cvtres.read.1.tlog
C:\Users\John\Documents\Visual Studio 2012\Projects\PhysicsSimulator1\PhysicsSimulator1\Debug\link.9012-cvtres.write.1.tlog
C:\Users\John\Documents\Visual Studio 2012\Projects\PhysicsSimulator1\PhysicsSimulator1\Debug\link.9012-rc.read.1.tlog
C:\Users\John\Documents\Visual Studio 2012\Projects\PhysicsSimulator1\PhysicsSimulator1\Debug\link.9012-rc.write.1.tlog
C:\Users\John\Documents\Visual Studio 2012\Projects\PhysicsSimulator1\PhysicsSimulator1\Debug\link.9012.read.1.tlog
C:\Users\John\Documents\Visual Studio 2012\Projects\PhysicsSimulator1\PhysicsSimulator1\Debug\link.9012.write.1.tlog
C:\Users\John\Documents\Visual Studio 2012\Projects\PhysicsSimulator1\PhysicsSimulator1\Debug\link.9200-cvtres.read.1.tlog
C:\Users\John\Documents\Visual Studio 2012\Projects\PhysicsSimulator1\PhysicsSimulator1\Debug\link.9200-cvtres.write.1.tlog
C:\Users\John\Documents\Visual Studio 2012\Projects\PhysicsSimulator1\PhysicsSimulator1\Debug\link.9200-rc.read.1.tlog
C:\Users\John\Documents\Visual Studio 2012\Projects\PhysicsSimulator1\PhysicsSimulator1\Debug\link.9200-rc.write.1.tlog
C:\Users\John\Documents\Visual Studio 2012\Projects\PhysicsSimulator1\PhysicsSimulator1\Debug\link.9200.read.1.tlog
C:\Users\John\Documents\Visual Studio 2012\Projects\PhysicsSimulator1\PhysicsSimulator1\Debug\link.9200.write.1.tlog
C:\Users\John\Documents\Visual Studio 2012\Projects\PhysicsSimulator1\PhysicsSimulator1\Debug\link.9928-cvtres.read.1.tlog
C:\Users\John\Documents\Visual Studio 2012\Projects\PhysicsSimulator1\PhysicsSimulator1\Debug\link.9928-cvtres.write.1.tlog
C:\Users\John\Documents\Visual Studio 2012\Projects\PhysicsSimulator1\PhysicsSimulator1\Debug\link.9928-rc.read.1.tlog
C:\Users\John\Documents\Visual Studio 2012\Projects\PhysicsSimulator1\PhysicsSimulator1\Debug\link.9928-rc.write.1.tlog
C:\Users\John\Documents\Visual Studio 2012\Projects\PhysicsSimulator1\PhysicsSimulator1\Debug\link.9928.read.1.tlog
C:\Users\John\Documents\Visual Studio 2012\Projects\PhysicsSimulator1\PhysicsSimulator1\Debug\link.9928.write.1.tlog
C:\Users\John\Documents\Visual Studio 2012\Projects\PhysicsSimulator1\PhysicsSimulator1\Debug\link.9936-cvtres.read.1.tlog
C:\Users\John\Documents\Visual Studio 2012\Projects\PhysicsSimulator1\PhysicsSimulator1\Debug\link.9936-cvtres.write.1.tlog
C:\Users\John\Documents\Visual Studio 2012\Projects\PhysicsSimulator1\PhysicsSimulator1\Debug\link.9936-rc.read.1.tlog
C:\Users\John\Documents\Visual Studio 2012\Projects\PhysicsSimulator1\PhysicsSimulator1\Debug\link.9936-rc.write.1.tlog
C:\Users\John\Documents\Visual Studio 2012\Projects\PhysicsSimulator1\PhysicsSimulator1\Debug\link.9936.read.1.tlog
C:\Users\John\Documents\Visual Studio 2012\Projects\PhysicsSimulator1\PhysicsSimulator1\Debug\link.9936.write.1.tlog
C:\Users\John\Documents\Visual Studio 2012\Projects\PhysicsSimulator1\PhysicsSimulator1\Debug\link.command.1.tlog
C:\Users\John\Documents\Visual Studio 2012\Projects\PhysicsSimulator1\PhysicsSimulator1\Debug\link.read.1.tlog
C:\Users\John\Documents\Visual Studio 2012\Projects\PhysicsSimulator1\PhysicsSimulator1\Debug\link.write.1.tlog
C:\Users\John\Documents\Visual Studio 2012\Projects\PhysicsSimulator1\PhysicsSimulator1\Debug\rc.command.1.tlog
C:\Users\John\Documents\Visual Studio 2012\Projects\PhysicsSimulator1\PhysicsSimulator1\Debug\rc.read.1.tlog
C:\Users\John\Documents\Visual Studio 2012\Projects\PhysicsSimulator1\PhysicsSimulator1\Debug\rc.write.1.tlog
C:\Users\John\Documents\Visual Studio 2012\Projects\PhysicsSimulator1\PhysicsSimulator1\Debug\Resource.res
C:\Users\John\Documents\Visual Studio 2012\Projects\PhysicsSimulator1\PhysicsSimulator1\Debug\vc110.idb
C:\Users\John\Documents\Visual Studio 2012\Projects\PhysicsSimulator1\PhysicsSimulator1\Debug\PhysicsSimulator.pdb
C:\Users\John\Documents\Visual Studio 2012\Projects\PhysicsSimulator1\PhysicsSimulator1\Debug\PhysicsSimulator1.pdb
C:\Users\John\Documents\Visual Studio 2012\Projects\PhysicsSimulator1\PhysicsSimulator1\Debug\vc110.pdb
C:\Users\John\Documents\Visual Studio 2012\Projects\PhysicsSimulator1\Debug\PhysicsSimulator.pdb
C:\Users\John\Documents\Visual Studio 2012\Projects\PhysicsSimulator1\Debug\PhysicsSimulator.exe
C:\Users\John\Documents\Visual Studio 2012\Projects\PhysicsSimulator1\Debug\PhysicsSimulator.ilk
